Target Part: AGLN250V5_VQFP100_STD
Report for cell Kart_Board.struct
  Core Cell usage:
              cell count     area count*area
              AND2    44      1.0       44.0
             AND2A    29      1.0       29.0
              AND3   121      1.0      121.0
             AND3A     4      1.0        4.0
               AO1    71      1.0       71.0
              AO13    10      1.0       10.0
              AO18     1      1.0        1.0
              AO1A    31      1.0       31.0
              AO1B     2      1.0        2.0
              AO1C    47      1.0       47.0
              AO1D     3      1.0        3.0
              AOI1     6      1.0        6.0
             AOI1A    55      1.0       55.0
             AOI1B    23      1.0       23.0
               AX1    27      1.0       27.0
              AX1A     5      1.0        5.0
              AX1C    25      1.0       25.0
              AX1D     2      1.0        2.0
              AX1E     3      1.0        3.0
              AXO7     1      1.0        1.0
             AXOI4     2      1.0        2.0
            CLKINT     2      0.0        0.0
               GND    73      0.0        0.0
               INV    20      1.0       20.0
              MAJ3    10      1.0       10.0
               MX2   200      1.0      200.0
              MX2A     5      1.0        5.0
              MX2B    23      1.0       23.0
              MX2C     6      1.0        6.0
              NOR2   102      1.0      102.0
             NOR2A   284      1.0      284.0
             NOR2B   378      1.0      378.0
              NOR3    29      1.0       29.0
             NOR3A    69      1.0       69.0
             NOR3B    36      1.0       36.0
             NOR3C    65      1.0       65.0
               OA1    36      1.0       36.0
              OA1A    33      1.0       33.0
              OA1B     3      1.0        3.0
              OA1C    10      1.0       10.0
              OAI1    10      1.0       10.0
               OR2    41      1.0       41.0
              OR2A   121      1.0      121.0
              OR2B    16      1.0       16.0
               OR3    86      1.0       86.0
              OR3A     4      1.0        4.0
              OR3B     5      1.0        5.0
              OR3C     1      1.0        1.0
               VCC    73      0.0        0.0
               XA1    37      1.0       37.0
              XA1A     1      1.0        1.0
              XA1B   104      1.0      104.0
              XA1C     4      1.0        4.0
             XNOR2   159      1.0      159.0
             XNOR3    11      1.0       11.0
               XO1     7      1.0        7.0
              XOR2   160      1.0      160.0


            DFI1P0     1      1.0        1.0
            DFN1C0   250      1.0      250.0
          DFN1E0C0   117      1.0      117.0
          DFN1E0P0     1      1.0        1.0
          DFN1E1C0   465      1.0      465.0
          DFN1E1P0    30      1.0       30.0
            DFN1P0    21      1.0       21.0
         RAM512X18     4      0.0        0.0
                   -----          ----------
             TOTAL  3625              3473.0


  IO Cell usage:
              cell count
            CLKBUF     1
             INBUF     8
            OUTBUF    18
           TRIBUFF     1
                   -----
             TOTAL    28


Core Cells         : 3473 of 6144 (57%)
IO Cells           : 28

  RAM/ROM Usage Summary
Block Rams : 4 of 8 (50%)

